<?xml version="1.0" encoding="UTF-8"?>
<robot generator="Robot 3.1.2 (Python 3.6.2 on win32)" generated="20190612 10:50:23.030" rpa="false">
<suite id="s1" name="Featureblabla" source="C:\development\robot-scripts\firstproject\Tests\Product2\API\featureblabla.robot">
<test id="s1-t1" name="Logging a simple message!!">
<kw name="Log" library="BuiltIn">
<doc>Logs the given message with the given level.</doc>
<arguments>
<arg>this is only a test</arg>
</arguments>
<msg timestamp="20190612 10:50:23.234" level="INFO">this is only a test</msg>
<status status="PASS" starttime="20190612 10:50:23.233" endtime="20190612 10:50:23.234"></status>
</kw>
<status status="PASS" starttime="20190612 10:50:23.233" endtime="20190612 10:50:23.234" critical="yes"></status>
</test>
<status status="PASS" starttime="20190612 10:50:23.032" endtime="20190612 10:50:23.236"></status>
</suite>
<statistics>
<total>
<stat pass="1" fail="0">Critical Tests</stat>
<stat pass="1" fail="0">All Tests</stat>
</total>
<tag>
</tag>
<suite>
<stat pass="1" fail="0" id="s1" name="Featureblabla">Featureblabla</stat>
</suite>
</statistics>
<errors>
</errors>
</robot>
