<?xml version="1.0" encoding="UTF-8"?>
<robot generator="Robot 3.1.2 (Python 3.6.2 on win32)" generated="20190612 09:49:39.862" rpa="false">
<suite id="s1" name="Locators" source="C:\development\robot-scripts\firstproject\Tests\Locators.robot">
<test id="s1-t1" name="User should be able to search product">
<kw name="Open Browser" library="SeleniumLibrary">
<doc>Opens a new browser instance to the given ``url``.</doc>
<arguments>
<arg>${URL}</arg>
<arg>${Browser}</arg>
</arguments>
<msg timestamp="20190612 09:49:41.846" level="INFO">Opening browser 'firefox' to base url 'http://www.amazon.co.uk'.</msg>
<status status="PASS" starttime="20190612 09:49:41.845" endtime="20190612 09:49:53.699"></status>
</kw>
<kw name="Sleep" library="BuiltIn">
<doc>Pauses the test executed for the given time.</doc>
<arguments>
<arg>3s</arg>
</arguments>
<msg timestamp="20190612 09:49:56.701" level="INFO">Slept 3 seconds</msg>
<status status="PASS" starttime="20190612 09:49:53.700" endtime="20190612 09:49:56.701"></status>
</kw>
<kw name="Input Text" library="SeleniumLibrary">
<doc>Types the given ``text`` into text field identified by ``locator``.</doc>
<arguments>
<arg>id=twotabsearchtextbox</arg>
<arg>ferrari</arg>
</arguments>
<msg timestamp="20190612 09:49:56.702" level="INFO">Typing text 'ferrari' into text field 'id=twotabsearchtextbox'.</msg>
<status status="PASS" starttime="20190612 09:49:56.702" endtime="20190612 09:49:56.758"></status>
</kw>
<kw name="Sleep" library="BuiltIn">
<doc>Pauses the test executed for the given time.</doc>
<arguments>
<arg>3s</arg>
</arguments>
<msg timestamp="20190612 09:49:59.760" level="INFO">Slept 3 seconds</msg>
<status status="PASS" starttime="20190612 09:49:56.759" endtime="20190612 09:49:59.760"></status>
</kw>
<kw name="Click Button" library="SeleniumLibrary">
<doc>Clicks button identified by ``locator``.</doc>
<arguments>
<arg>css=.nav-search-submit &gt; input:nth-child(2)</arg>
</arguments>
<msg timestamp="20190612 09:49:59.763" level="INFO">Clicking button 'css=.nav-search-submit &gt; input:nth-child(2)'.</msg>
<status status="PASS" starttime="20190612 09:49:59.761" endtime="20190612 09:50:01.259"></status>
</kw>
<kw name="Click Image" library="SeleniumLibrary">
<doc>Clicks an image identified by ``locator``.</doc>
<arguments>
<arg>Ferrari 312B</arg>
</arguments>
<msg timestamp="20190612 09:50:01.260" level="INFO">Clicking image 'Ferrari 312B'.</msg>
<status status="PASS" starttime="20190612 09:50:01.260" endtime="20190612 09:50:02.655"></status>
</kw>
<status status="PASS" starttime="20190612 09:49:41.844" endtime="20190612 09:50:02.655" critical="yes"></status>
</test>
<status status="PASS" starttime="20190612 09:49:39.865" endtime="20190612 09:50:02.657"></status>
</suite>
<statistics>
<total>
<stat pass="1" fail="0">Critical Tests</stat>
<stat pass="1" fail="0">All Tests</stat>
</total>
<tag>
</tag>
<suite>
<stat pass="1" fail="0" id="s1" name="Locators">Locators</stat>
</suite>
</statistics>
<errors>
<msg timestamp="20190612 09:49:39.863" level="ERROR">Variable file 'BROWSER' does not exist.</msg>
</errors>
</robot>
