<?xml version="1.0" encoding="UTF-8"?>
<robot generator="Robot 3.1.2 (Python 3.6.2 on win32)" generated="20190613 11:21:47.890" rpa="false">
<suite id="s1" name="Locators" source="C:\development\robot-scripts\firstproject\Tests\Locators.robot">
<test id="s1-t1" name="User should be able to search product on Amazon website">
<kw name="Begin Web test" library="Common" type="setup">
<kw name="Open Browser" library="SeleniumLibrary">
<doc>Opens a new browser instance to the given ``url``.</doc>
<arguments>
<arg>${URL}</arg>
<arg>${Browser}</arg>
</arguments>
<msg timestamp="20190613 11:21:48.126" level="INFO">Opening browser 'firefox' to base url 'http://www.amazon.co.uk'.</msg>
<status status="PASS" starttime="20190613 11:21:48.126" endtime="20190613 11:21:57.482"></status>
</kw>
<status status="PASS" starttime="20190613 11:21:48.125" endtime="20190613 11:21:57.482"></status>
</kw>
<kw name="Verify page Load" library="LandingPage">
<kw name="Wait Until Page Contains" library="SeleniumLibrary">
<doc>Waits until ``text`` appears on current page.</doc>
<arguments>
<arg>https://www.amazon.co.uk/</arg>
</arguments>
<status status="PASS" starttime="20190613 11:21:57.484" endtime="20190613 11:21:57.525"></status>
</kw>
<status status="PASS" starttime="20190613 11:21:57.483" endtime="20190613 11:21:57.525"></status>
</kw>
<kw name="Search For Product" library="Amazon">
<kw name="Input Text" library="SeleniumLibrary">
<doc>Types the given ``text`` into text field identified by ``locator``.</doc>
<arguments>
<arg>${search_field}</arg>
<arg>${SEARCH_TERM}</arg>
</arguments>
<msg timestamp="20190613 11:21:57.526" level="INFO">Typing text 'ferrari' into text field 'id=twotabsearchtextbox'.</msg>
<status status="PASS" starttime="20190613 11:21:57.526" endtime="20190613 11:21:57.794"></status>
</kw>
<status status="PASS" starttime="20190613 11:21:57.525" endtime="20190613 11:21:57.794"></status>
</kw>
<kw name="Sleep" library="BuiltIn">
<doc>Pauses the test executed for the given time.</doc>
<arguments>
<arg>3s</arg>
</arguments>
<msg timestamp="20190613 11:22:00.795" level="INFO">Slept 3 seconds</msg>
<status status="PASS" starttime="20190613 11:21:57.795" endtime="20190613 11:22:00.795"></status>
</kw>
<kw name="Click button To Search" library="Amazon">
<kw name="Click Button" library="SeleniumLibrary">
<doc>Clicks button identified by ``locator``.</doc>
<arguments>
<arg>${click_nav_button}</arg>
</arguments>
<msg timestamp="20190613 11:22:00.797" level="INFO">Clicking button 'css=.nav-search-submit &gt; input:nth-child(2)'.</msg>
<status status="PASS" starttime="20190613 11:22:00.797" endtime="20190613 11:22:02.872"></status>
</kw>
<status status="PASS" starttime="20190613 11:22:00.796" endtime="20190613 11:22:02.872"></status>
</kw>
<kw name="Sleep" library="BuiltIn">
<doc>Pauses the test executed for the given time.</doc>
<arguments>
<arg>3s</arg>
</arguments>
<msg timestamp="20190613 11:22:05.875" level="INFO">Slept 3 seconds</msg>
<status status="PASS" starttime="20190613 11:22:02.874" endtime="20190613 11:22:05.876"></status>
</kw>
<kw name="Click Image" library="Amazon">
<kw name="Click Link" library="SeleniumLibrary">
<doc>Clicks a link identified by ``locator``.</doc>
<arguments>
<arg>Try Prime</arg>
</arguments>
<msg timestamp="20190613 11:22:05.880" level="INFO">Clicking link 'Try Prime'.</msg>
<status status="PASS" starttime="20190613 11:22:05.879" endtime="20190613 11:22:07.335"></status>
</kw>
<status status="PASS" starttime="20190613 11:22:05.878" endtime="20190613 11:22:07.336"></status>
</kw>
<kw name="Verify page Load" library="LandingPage">
<kw name="Wait Until Page Contains" library="SeleniumLibrary">
<doc>Waits until ``text`` appears on current page.</doc>
<arguments>
<arg>https://www.amazon.co.uk/</arg>
</arguments>
<status status="PASS" starttime="20190613 11:22:07.338" endtime="20190613 11:22:07.425"></status>
</kw>
<status status="PASS" starttime="20190613 11:22:07.337" endtime="20190613 11:22:07.425"></status>
</kw>
<kw name="End Web test" library="Common" type="teardown">
<kw name="Close Browser" library="SeleniumLibrary">
<doc>Closes the current browser.</doc>
<status status="PASS" starttime="20190613 11:22:07.427" endtime="20190613 11:22:09.608"></status>
</kw>
<status status="PASS" starttime="20190613 11:22:07.426" endtime="20190613 11:22:09.608"></status>
</kw>
<doc>This is smoke test...!</doc>
<tags>
<tag>Smoke</tag>
</tags>
<status status="PASS" starttime="20190613 11:21:48.124" endtime="20190613 11:22:09.609" critical="yes"></status>
</test>
<doc>This is my first test suite!!</doc>
<status status="PASS" starttime="20190613 11:21:47.891" endtime="20190613 11:22:09.611"></status>
</suite>
<statistics>
<total>
<stat pass="1" fail="0">Critical Tests</stat>
<stat pass="1" fail="0">All Tests</stat>
</total>
<tag>
<stat pass="1" fail="0">Smoke</stat>
</tag>
<suite>
<stat pass="1" fail="0" id="s1" name="Locators">Locators</stat>
</suite>
</statistics>
<errors>
</errors>
</robot>
